# JRE version: Java(TM) SE Runtime Environment (8.0_101-b13) (build 1.8.0_101-b13)
# Java VM: Java HotSpot(TM) 64-Bit Server VM (25.101-b13 mixed mode windows-amd64 compressed oops)
Heap:
 PSYoungGen      total 158720K, used 77352K [0x00000000d5a00000, 0x00000000e4480000, 0x0000000100000000)
  eden space 137728K, 54% used [0x00000000d5a00000,0x00000000da306fb0,0x00000000de080000)
  from space 20992K, 12% used [0x00000000de080000,0x00000000de303078,0x00000000df500000)
  to   space 21504K, 0% used [0x00000000e2f80000,0x00000000e2f80000,0x00000000e4480000)
 ParOldGen       total 88576K, used 14009K [0x0000000080e00000, 0x0000000086480000, 0x00000000d5a00000)
  object space 88576K, 15% used [0x0000000080e00000,0x0000000081bae718,0x0000000086480000)
 Metaspace       used 41228K, capacity 41942K, committed 42112K, reserved 1085440K
  class space    used 5567K, capacity 5737K, committed 5760K, reserved 1048576K
GC Heap History (10 events):
Event: 2.518 GC heap before
{Heap before GC invocations=7 (full 1):
 PSYoungGen      total 71680K, used 71658K [0x00000000d5a00000, 0x00000000dcf00000, 0x0000000100000000)
  eden space 66560K, 100% used [0x00000000d5a00000,0x00000000d9b00000,0x00000000d9b00000)
  from space 5120K, 99% used [0x00000000d9b00000,0x00000000d9ffaa58,0x00000000da000000)
  to   space 17408K, 0% used [0x00000000dbe00000,0x00000000dbe00000,0x00000000dcf00000)
 ParOldGen       total 64000K, used 21013K [0x0000000080e00000, 0x0000000084c80000, 0x00000000d5a00000)
  object space 64000K, 32% used [0x0000000080e00000,0x00000000822857f8,0x0000000084c80000)
 Metaspace       used 33900K, capacity 34310K, committed 34688K, reserved 1079296K
  class space    used 4317K, capacity 4457K, committed 4480K, reserved 1048576K
Event: 2.524 GC heap after
Heap after GC invocations=7 (full 1):
 PSYoungGen      total 98816K, used 17390K [0x00000000d5a00000, 0x00000000de800000, 0x0000000100000000)
  eden space 81408K, 0% used [0x00000000d5a00000,0x00000000d5a00000,0x00000000da980000)
  from space 17408K, 99% used [0x00000000dbe00000,0x00000000dcefba00,0x00000000dcf00000)
  to   space 20992K, 0% used [0x00000000da980000,0x00000000da980000,0x00000000dbe00000)
 ParOldGen       total 64000K, used 22109K [0x0000000080e00000, 0x0000000084c80000, 0x00000000d5a00000)
  object space 64000K, 34% used [0x0000000080e00000,0x0000000082397590,0x0000000084c80000)
 Metaspace       used 33900K, capacity 34310K, committed 34688K, reserved 1079296K
  class space    used 4317K, capacity 4457K, committed 4480K, reserved 1048576K
}
Event: 2.554 GC heap before
{Heap before GC invocations=8 (full 1):
 PSYoungGen      total 98816K, used 23415K [0x00000000d5a00000, 0x00000000de800000, 0x0000000100000000)
  eden space 81408K, 7% used [0x00000000d5a00000,0x00000000d5fe2428,0x00000000da980000)
  from space 17408K, 99% used [0x00000000dbe00000,0x00000000dcefba00,0x00000000dcf00000)
  to   space 20992K, 0% used [0x00000000da980000,0x00000000da980000,0x00000000dbe00000)
 ParOldGen       total 64000K, used 22109K [0x0000000080e00000, 0x0000000084c80000, 0x00000000d5a00000)
  object space 64000K, 34% used [0x0000000080e00000,0x0000000082397590,0x0000000084c80000)
 Metaspace       used 34871K, capacity 35256K, committed 35456K, reserved 1079296K
  class space    used 4506K, capacity 4658K, committed 4736K, reserved 1048576K
Event: 2.558 GC heap after
Heap after GC invocations=8 (full 1):
 PSYoungGen      total 102400K, used 8495K [0x00000000d5a00000, 0x00000000e0c00000, 0x0000000100000000)
  eden space 81408K, 0% used [0x00000000d5a00000,0x00000000d5a00000,0x00000000da980000)
  from space 20992K, 40% used [0x00000000da980000,0x00000000db1cbea0,0x00000000dbe00000)
  to   space 20480K, 0% used [0x00000000df800000,0x00000000df800000,0x00000000e0c00000)
 ParOldGen       total 64000K, used 22117K [0x0000000080e00000, 0x0000000084c80000, 0x00000000d5a00000)
  object space 64000K, 34% used [0x0000000080e00000,0x0000000082399590,0x0000000084c80000)
 Metaspace       used 34871K, capacity 35256K, committed 35456K, reserved 1079296K
  class space    used 4506K, capacity 4658K, committed 4736K, reserved 1048576K
}
Event: 2.559 GC heap before
{Heap before GC invocations=9 (full 2):
 PSYoungGen      total 102400K, used 8495K [0x00000000d5a00000, 0x00000000e0c00000, 0x0000000100000000)
  eden space 81408K, 0% used [0x00000000d5a00000,0x00000000d5a00000,0x00000000da980000)
  from space 20992K, 40% used [0x00000000da980000,0x00000000db1cbea0,0x00000000dbe00000)
  to   space 20480K, 0% used [0x00000000df800000,0x00000000df800000,0x00000000e0c00000)
 ParOldGen       total 64000K, used 22117K [0x0000000080e00000, 0x0000000084c80000, 0x00000000d5a00000)
  object space 64000K, 34% used [0x0000000080e00000,0x0000000082399590,0x0000000084c80000)
 Metaspace       used 34871K, capacity 35256K, committed 35456K, reserved 1079296K
  class space    used 4506K, capacity 4658K, committed 4736K, reserved 1048576K
Event: 2.585 GC heap after
Heap after GC invocations=9 (full 2):
 PSYoungGen      total 102400K, used 0K [0x00000000d5a00000, 0x00000000e0c00000, 0x0000000100000000)
  eden space 81408K, 0% used [0x00000000d5a00000,0x00000000d5a00000,0x00000000da980000)
  from space 20992K, 0% used [0x00000000da980000,0x00000000da980000,0x00000000dbe00000)
  to   space 20480K, 0% used [0x00000000df800000,0x00000000df800000,0x00000000e0c00000)
 ParOldGen       total 88576K, used 13993K [0x0000000080e00000, 0x0000000086480000, 0x00000000d5a00000)
  object space 88576K, 15% used [0x0000000080e00000,0x0000000081baa718,0x0000000086480000)
 Metaspace       used 34871K, capacity 35256K, committed 35456K, reserved 1079296K
  class space    used 4506K, capacity 4658K, committed 4736K, reserved 1048576K
}
Event: 3.099 GC heap before
{Heap before GC invocations=10 (full 2):
 PSYoungGen      total 102400K, used 81320K [0x00000000d5a00000, 0x00000000e0c00000, 0x0000000100000000)
  eden space 81408K, 99% used [0x00000000d5a00000,0x00000000da96a078,0x00000000da980000)
  from space 20992K, 0% used [0x00000000da980000,0x00000000da980000,0x00000000dbe00000)
  to   space 20480K, 0% used [0x00000000df800000,0x00000000df800000,0x00000000e0c00000)
 ParOldGen       total 88576K, used 13993K [0x0000000080e00000, 0x0000000086480000, 0x00000000d5a00000)
  object space 88576K, 15% used [0x0000000080e00000,0x0000000081baa718,0x0000000086480000)
 Metaspace       used 40322K, capacity 41014K, committed 41216K, reserved 1085440K
  class space    used 5437K, capacity 5627K, committed 5632K, reserved 1048576K
Event: 3.103 GC heap after
Heap after GC invocations=10 (full 2):
 PSYoungGen      total 155648K, used 2262K [0x00000000d5a00000, 0x00000000e0980000, 0x0000000100000000)
  eden space 137728K, 0% used [0x00000000d5a00000,0x00000000d5a00000,0x00000000de080000)
  from space 17920K, 12% used [0x00000000df800000,0x00000000dfa35998,0x00000000e0980000)
  to   space 20992K, 0% used [0x00000000de080000,0x00000000de080000,0x00000000df500000)
 ParOldGen       total 88576K, used 14001K [0x0000000080e00000, 0x0000000086480000, 0x00000000d5a00000)
  object space 88576K, 15% used [0x0000000080e00000,0x0000000081bac718,0x0000000086480000)
 Metaspace       used 40322K, capacity 41014K, committed 41216K, reserved 1085440K
  class space    used 5437K, capacity 5627K, committed 5632K, reserved 1048576K
}
Event: 3.135 GC heap before
{Heap before GC invocations=11 (full 2):
 PSYoungGen      total 155648K, used 139973K [0x00000000d5a00000, 0x00000000e0980000, 0x0000000100000000)
  eden space 137728K, 99% used [0x00000000d5a00000,0x00000000de07bd80,0x00000000de080000)
  from space 17920K, 12% used [0x00000000df800000,0x00000000dfa35998,0x00000000e0980000)
  to   space 20992K, 0% used [0x00000000de080000,0x00000000de080000,0x00000000df500000)
 ParOldGen       total 88576K, used 14001K [0x0000000080e00000, 0x0000000086480000, 0x00000000d5a00000)
  object space 88576K, 15% used [0x0000000080e00000,0x0000000081bac718,0x0000000086480000)
 Metaspace       used 40696K, capacity 41400K, committed 41600K, reserved 1085440K
  class space    used 5502K, capacity 5692K, committed 5760K, reserved 1048576K
Event: 3.137 GC heap after
Heap after GC invocations=11 (full 2):
 PSYoungGen      total 158720K, used 2572K [0x00000000d5a00000, 0x00000000e4480000, 0x0000000100000000)
  eden space 137728K, 0% used [0x00000000d5a00000,0x00000000d5a00000,0x00000000de080000)
  from space 20992K, 12% used [0x00000000de080000,0x00000000de303078,0x00000000df500000)
  to   space 21504K, 0% used [0x00000000e2f80000,0x00000000e2f80000,0x00000000e4480000)
 ParOldGen       total 88576K, used 14009K [0x0000000080e00000, 0x0000000086480000, 0x00000000d5a00000)
  object space 88576K, 15% used [0x0000000080e00000,0x0000000081bae718,0x0000000086480000)
 Metaspace       used 40696K, capacity 41400K, committed 41600K, reserved 1085440K
  class space    used 5502K, capacity 5692K, committed 5760K, reserved 1048576K
}

